Removed Pin From Net: NetName=NetC*_2 Pin=C*-2
Removed Pin From Net: NetName=LNA Pin=C?-1
Removed Pin From Net: NetName=NetC*_2 Pin=R?-2
Removed Pin From Net: NetName=NetC*_2 Pin=U?-7
Removed Member From Class: ClassName=MCU Member=C?
Added Component: Designator=D1(LED_0603_ROHM)
Add component. Clean all parameters for all variants
Add component (AddParameter): Name = "Base Part Number"; Value = "SML-D12"; VariantName = "[No Variations]"
Add component (AddParameter): Name = "Category"; Value = "Optoelectronics"; VariantName = "[No Variations]"
Add component (AddParameter): Name = "Color"; Value = "Green"; VariantName = "[No Variations]"
Add component (AddParameter): Name = "ComponentLink1Description"; Value = "https://www.rohm.com/datasheet/SML-D12V8W"; VariantName = "[No Variations]"
Add component (AddParameter): Name = "ComponentLink1URL"; Value = "https://www.rohm.com/datasheet/SML-D12V8W"; VariantName = "[No Variations]"
Add component (AddParameter): Name = "Configuration"; Value = "Standard"; VariantName = "[No Variations]"
Add component (AddParameter): Name = "Current - Test"; Value = "20mA"; VariantName = "[No Variations]"
Add component (AddParameter): Name = "Features"; Value = "-"; VariantName = "[No Variations]"
Add component (AddParameter): Name = "Height (Max)"; Value = "0.65mm"; VariantName = "[No Variations]"
Add component (AddParameter): Name = "Lens Color"; Value = "White"; VariantName = "[No Variations]"
Add component (AddParameter): Name = "Lens Size"; Value = "1.20mm x 0.80mm"; VariantName = "[No Variations]"
Add component (AddParameter): Name = "Lens Style"; Value = "Rectangle with Flat Top"; VariantName = "[No Variations]"
Add component (AddParameter): Name = "Lens Transparency"; Value = "Diffused"; VariantName = "[No Variations]"
Add component (AddParameter): Name = "Manufacturer"; Value = "Rohm Semiconductor"; VariantName = "[No Variations]"
Add component (AddParameter): Name = "Manufacturer Part Number"; Value = "SML-D12M8WT86"; VariantName = "[No Variations]"
Add component (AddParameter): Name = "Millicandela Rating"; Value = "25mcd"; VariantName = "[No Variations]"
Add component (AddParameter): Name = "Mounting Type"; Value = "Surface Mount"; VariantName = "[No Variations]"
Add component (AddParameter): Name = "Package / Case"; Value = "0603 (1608 Metric)"; VariantName = "[No Variations]"
Add component (AddParameter): Name = "Packaging"; Value = "Cut Tape (CT)"; VariantName = "[No Variations]"
Add component (AddParameter): Name = "Part Status"; Value = "Active"; VariantName = "[No Variations]"
Add component (AddParameter): Name = "Pricing 1"; Value = "1=0.3, 10=0.219, 25=0.1616, 100=0.1154, 250=0.07848, 500=0.06926, 1000=0.05425 (EUR)"; VariantName = "[No Variations]"
Add component (AddParameter): Name = "RoHS"; Value = "RoHS Compliant"; VariantName = "[No Variations]"
Add component (AddParameter): Name = "Size / Dimension"; Value = "1.60mm L x 0.80mm W"; VariantName = "[No Variations]"
Add component (AddParameter): Name = "Stock 1"; Value = "315568"; VariantName = "[No Variations]"
Add component (AddParameter): Name = "Supplier 1"; Value = "Digi-Key"; VariantName = "[No Variations]"
Add component (AddParameter): Name = "Supplier Device Package"; Value = "0603 (1608 Metric)"; VariantName = "[No Variations]"
Add component (AddParameter): Name = "Viewing Angle"; Value = "-"; VariantName = "[No Variations]"
Add component (AddParameter): Name = "Voltage - Forward (Vf) (Typ)"; Value = "2.2V"; VariantName = "[No Variations]"
Add component (AddParameter): Name = "Wavelength - Dominant"; Value = "572nm"; VariantName = "[No Variations]"
Add component (AddParameter): Name = "Wavelength - Peak"; Value = "-"; VariantName = "[No Variations]"
Added Pin To Net: NetName=GND Pin=C*-1
Added Pin To Net: NetName=GND Pin=C*-1
Added Pin To Net: NetName=NetC*_2 Pin=C*-2
Added Pin To Net: NetName=GND Pin=R?-2
Added Pin To Net: NetName=SWP/SD3 Pin=U2-3
Added Pin To Net: NetName=GND Pin=U?-7
Added Pin To Net: NetName=3v3 Pin=U?-10
Added Pin To Net: NetName=3v3 Pin=U?-12
Added Pin To Net: NetName=NetC*_2 Pin=U?-13
Change Net Name : Old Net Name=NetQ?_1 New Net Name=VREF
Change Net Name : Old Net Name=NetR?_1 New Net Name=NetC11_1
Added Pin To Net: NetName=LED Pin=D1-2
Added Pin To Net: NetName=LED Pin=U?-9
Added Net: Name=LED
Added Pin To Net: NetName=NetC11_2 Pin=R?-2
Added Pin To Net: NetName=NetC11_2 Pin=U?-1
Added Net: Name=NetC11_2
Added Pin To Net: NetName=NetC14_1 Pin=C?-1
Added Pin To Net: NetName=NetC14_1 Pin=R?-2
Added Pin To Net: NetName=NetC14_1 Pin=U?-3
Added Net: Name=NetC14_1
Added Pin To Net: NetName=NetC14_2 Pin=C?-2
Added Pin To Net: NetName=NetC14_2 Pin=R?-1
Added Pin To Net: NetName=NetC14_2 Pin=U?-4
Added Net: Name=NetC14_2
Added Pin To Net: NetName=NetC?_1 Pin=C?-1
Added Pin To Net: NetName=NetC?_1 Pin=R?-1
Added Net: Name=NetC?_1
Added Pin To Net: NetName=NetD1_1 Pin=D1-1
Added Net: Name=NetD1_1
Added Pin To Net: NetName=NetU1_16 Pin=U1-16
Added Pin To Net: NetName=NetU1_16 Pin=U?-8
Added Net: Name=NetU1_16
Added Pin To Net: NetName=OP1_P Pin=C*-2
Added Pin To Net: NetName=OP1_P Pin=R?-2
Added Pin To Net: NetName=OP1_P Pin=U?-5
Added Net: Name=OP1_P
Added Member To Class: ClassName=Sensor Member=Component C* (C17) 0.1UF
Added Member To Class: ClassName=Sensor Member=Component C* (C16) 0.1UF
Added Member To Class: ClassName=Sensor Member=Component C? (C15) 33UF
Added Member To Class: ClassName=Sensor Member=Component D1 SML-D12M8WT86
Added Member To Class: ClassName=Sensor Member=Component R? (R10) 47K
Added Member To Class: ClassName=Sensor Member=Component R? (R8) 10K
Added Member To Class: ClassName=Sensor Member=Component R? (R7) 560K
Added Member To Class: ClassName=Sensor Member=Component R? (R6) 10K
