PCAD Importer Log
Project : BME280.LibPkg

Section : D:\OneDrive\workspace\altium\Work\FEEL\ESP8266\FOOTPRINT\BME280\BME280.lia
    Section : PCB Library - BME280.PcbLib
        Section : Load Messages
            Warning - 1 : Skipping Token BME280 On Line 125
            Warning - 1 : Skipping Token attachedSymbol On Line 232
        EndSection

        Section : Import Messages
        EndSection
    EndSection

    Section : SCH Library - BME280.SchLib
        Section : Parsing Messages
            Warning - 1 : Skipping Token padStyleDef On Line 9
            Warning - 1 : Skipping Token multiLayer On Line 84
            Warning - 1 : Skipping Token layerContents On Line 94
            Warning - 1 : Skipping Token layerContents On Line 99
            Warning - 1 : Skipping Token layerContents On Line 105
            Warning - 1 : Skipping Token layerContents On Line 114
        EndSection

        Section : Generating SCH Library - BME280.SchLib
        EndSection
    EndSection
EndSection
